[17:18:24] [main/INFO] [GradleStart]: Extra: []
[17:18:24] [main/INFO] [GradleStart]: Running with arguments: [--tweakClass, net.minecraftforge.fml.common.launcher.FMLServerTweaker, --tweakClass, net.minecraftforge.gradle.tweakers.CoremodTweaker]
[17:18:24] [main/INFO] [LaunchWrapper]: Loading tweak class name net.minecraftforge.fml.common.launcher.FMLServerTweaker
[17:18:24] [main/INFO] [LaunchWrapper]: Using primary tweak class name net.minecraftforge.fml.common.launcher.FMLServerTweaker
[17:18:24] [main/INFO] [LaunchWrapper]: Loading tweak class name net.minecraftforge.gradle.tweakers.CoremodTweaker
[17:18:24] [main/INFO] [LaunchWrapper]: Calling tweak class net.minecraftforge.fml.common.launcher.FMLServerTweaker
[17:20:50] [main/INFO] [GradleStart]: username: Crax88
[17:20:50] [main/INFO] [GradleStart]: Extra: []
[17:20:50] [main/INFO] [GradleStart]: Password found, attempting login
[17:20:52] [main/ERROR] [GradleStart]: -- Login failed!  Invalid credentials. Invalid username or password.
[17:22:48] [main/INFO] [GradleStart]: username: Crax88
[17:22:48] [main/INFO] [GradleStart]: Extra: []
[17:22:48] [main/INFO] [GradleStart]: Password found, attempting login
[17:22:49] [main/ERROR] [GradleStart]: -- Login failed!  Invalid credentials. Invalid username or password.
[17:26:34] [main/INFO] [GradleStart]: username: Crax88
[17:26:34] [main/INFO] [GradleStart]: Extra: []
[17:26:34] [main/INFO] [GradleStart]: Password found, attempting login
[17:26:35] [main/ERROR] [GradleStart]: -- Login failed!  Invalid credentials. Invalid username or password.
[17:26:56] [main/INFO] [GradleStart]: username: Crax88
[17:26:56] [main/INFO] [GradleStart]: Extra: []
[17:26:56] [main/INFO] [GradleStart]: Password found, attempting login
[17:26:57] [main/ERROR] [GradleStart]: -- Login failed!  Invalid credentials. Invalid username or password.
[17:26:59] [main/INFO] [GradleStart]: username: Crax88
[17:26:59] [main/INFO] [GradleStart]: Extra: []
[17:26:59] [main/INFO] [GradleStart]: Password found, attempting login
[17:27:00] [main/ERROR] [GradleStart]: -- Login failed!  Invalid credentials. Invalid username or password.
[17:34:30] [main/INFO] [GradleStart]: username: Crax88
[17:34:30] [main/INFO] [GradleStart]: Extra: []
[17:34:30] [main/INFO] [GradleStart]: Password found, attempting login
[17:34:31] [main/ERROR] [GradleStart]: -- Login failed!  Invalid credentials. Invalid username or password.
[17:34:56] [main/INFO] [GradleStart]: username: Crax88
[17:34:56] [main/INFO] [GradleStart]: Extra: []
[17:34:56] [main/INFO] [GradleStart]: Password found, attempting login
[17:34:57] [main/ERROR] [GradleStart]: -- Login failed!  Invalid credentials. Invalid username or password.
[21:45:56] [main/INFO] [GradleStart]: username: Crax88
[21:45:56] [main/INFO] [GradleStart]: Extra: []
[21:45:56] [main/INFO] [GradleStart]: Password found, attempting login
[21:45:57] [main/ERROR] [GradleStart]: -- Login failed!  Invalid credentials. Invalid username or password.
[21:46:20] [main/INFO] [GradleStart]: username: Crax88
[21:46:20] [main/INFO] [GradleStart]: Extra: []
[21:46:20] [main/INFO] [GradleStart]: Password found, attempting login
[21:46:21] [main/ERROR] [GradleStart]: -- Login failed!  Invalid credentials. Invalid username or password.
[21:53:26] [main/INFO] [GradleStart]: Extra: [username=Crax88, password=A!Sd3f4]
[21:53:26] [main/INFO] [GradleStart]: Running with arguments: [--userProperties, {}, --assetsDir, C:/Users/aluka/.gradle/caches/minecraft/assets, --assetIndex, 1.11, --accessToken{REDACTED}, --version, 1.11, --tweakClass, net.minecraftforge.fml.common.launcher.FMLTweaker, username=Crax88, password=A!Sd3f4, --tweakClass, net.minecraftforge.gradle.tweakers.CoremodTweaker]
[21:53:26] [main/INFO] [LaunchWrapper]: Loading tweak class name net.minecraftforge.fml.common.launcher.FMLTweaker
[21:53:26] [main/INFO] [LaunchWrapper]: Using primary tweak class name net.minecraftforge.fml.common.launcher.FMLTweaker
[21:53:26] [main/INFO] [LaunchWrapper]: Loading tweak class name net.minecraftforge.gradle.tweakers.CoremodTweaker
[21:53:26] [main/INFO] [LaunchWrapper]: Calling tweak class net.minecraftforge.fml.common.launcher.FMLTweaker
[11:28:03] [main/INFO] [GradleStart]: Extra: [username=Crax88, password=A!Sd3f4]
[11:28:03] [main/INFO] [GradleStart]: Running with arguments: [--userProperties, {}, --assetsDir, C:/Users/aluka/.gradle/caches/minecraft/assets, --assetIndex, 1.11, --accessToken{REDACTED}, --version, 1.11, --tweakClass, net.minecraftforge.fml.common.launcher.FMLTweaker, username=Crax88, password=A!Sd3f4, --tweakClass, net.minecraftforge.gradle.tweakers.CoremodTweaker]
[11:28:03] [main/INFO] [LaunchWrapper]: Loading tweak class name net.minecraftforge.fml.common.launcher.FMLTweaker
[11:28:03] [main/INFO] [LaunchWrapper]: Using primary tweak class name net.minecraftforge.fml.common.launcher.FMLTweaker
[11:28:03] [main/INFO] [LaunchWrapper]: Loading tweak class name net.minecraftforge.gradle.tweakers.CoremodTweaker
[11:28:03] [main/INFO] [LaunchWrapper]: Calling tweak class net.minecraftforge.fml.common.launcher.FMLTweaker
[12:22:58] [main/INFO] [GradleStart]: Extra: [username=Crax88, password=A!Sd3f4]
[12:22:58] [main/INFO] [GradleStart]: Running with arguments: [--userProperties, {}, --assetsDir, C:/Users/aluka/.gradle/caches/minecraft/assets, --assetIndex, 1.11, --accessToken{REDACTED}, --version, 1.11, --tweakClass, net.minecraftforge.fml.common.launcher.FMLTweaker, username=Crax88, password=A!Sd3f4, --tweakClass, net.minecraftforge.gradle.tweakers.CoremodTweaker]
[12:22:58] [main/INFO] [LaunchWrapper]: Loading tweak class name net.minecraftforge.fml.common.launcher.FMLTweaker
[12:22:58] [main/INFO] [LaunchWrapper]: Using primary tweak class name net.minecraftforge.fml.common.launcher.FMLTweaker
[12:22:58] [main/INFO] [LaunchWrapper]: Loading tweak class name net.minecraftforge.gradle.tweakers.CoremodTweaker
[12:22:58] [main/INFO] [LaunchWrapper]: Calling tweak class net.minecraftforge.fml.common.launcher.FMLTweaker
